<?xml version="1.0" encoding="UTF-8"?>
<testsuite xmlns:xsi="http://www.w3.org/2001/XMLSchema-instance" xsi:noNamespaceSchemaLocation="https://maven.apache.org/surefire/maven-surefire-plugin/xsd/surefire-test-report.xsd" name="ch.bbw.ab.savecalculator.SaveCalculatorTest" time="0.033" tests="4" errors="0" skipped="0" failures="0">
  <properties>
[...]
</properties>
  <testcase name="shouldAnswerWithTrue" classname="ch.bbw.ab.savecalculator.SaveCalculatorTest" time="0.001"/>
  <testcase name="testSumZweiPositiveIsOk" classname="ch.bbw.ab.savecalculator.SaveCalculatorTest" time="0"/>
  <testcase name="testSubZweiNegativeIstOk" classname="ch.bbw.ab.savecalculator.SaveCalculatorTest" time="0"/>
  <testcase name="testVolumenDreiPositivIstOk" classname="ch.bbw.ab.savecalculator.SaveCalculatorTest" time="0"/>
</testsuite>